{"C:\\Users\\matti\\Desktop\\CryptoTest\\CryptoExplorer\\src\\app.ts": {"path":"C:\\Users\\matti\\Desktop\\CryptoTest\\CryptoExplorer\\src\\app.ts","statementMap":{"0":{"start":{"line":1,"column":0},"end":{"line":1,"column":30}},"1":{"start":{"line":2,"column":0},"end":{"line":2,"column":43}},"2":{"start":{"line":3,"column":0},"end":{"line":3,"column":24}},"3":{"start":{"line":4,"column":0},"end":{"line":4,"column":20}},"4":{"start":{"line":5,"column":0},"end":{"line":5,"column":61}},"5":{"start":{"line":6,"column":0},"end":{"line":6,"column":24}},"6":{"start":{"line":7,"column":0},"end":{"line":7,"column":43}},"7":{"start":{"line":8,"column":0},"end":{"line":8,"column":31}},"8":{"start":{"line":9,"column":0},"end":{"line":9,"column":36}},"9":{"start":{"line":10,"column":0},"end":{"line":10,"column":30}},"10":{"start":{"line":12,"column":12},"end":{"line":12,"column":21}},"11":{"start":{"line":14,"column":0},"end":{"line":14,"column":24}},"12":{"start":{"line":16,"column":0},"end":{"line":19,"column":3}},"13":{"start":{"line":17,"column":2},"end":{"line":17,"column":42}},"14":{"start":{"line":18,"column":2},"end":{"line":18,"column":9}},"15":{"start":{"line":21,"column":21},"end":{"line":23,"column":54}},"16":{"start":{"line":24,"column":0},"end":{"line":32,"column":2}},"17":{"start":{"line":27,"column":6},"end":{"line":27,"column":47}},"18":{"start":{"line":27,"column":19},"end":{"line":27,"column":47}},"19":{"start":{"line":28,"column":6},"end":{"line":28,"column":58}},"20":{"start":{"line":34,"column":17},"end":{"line":34,"column":133}},"21":{"start":{"line":35,"column":14},"end":{"line":35,"column":109}},"22":{"start":{"line":36,"column":19},"end":{"line":36,"column":109}},"23":{"start":{"line":37,"column":0},"end":{"line":37,"column":28}},"24":{"start":{"line":39,"column":16},"end":{"line":39,"column":47}},"25":{"start":{"line":40,"column":20},"end":{"line":40,"column":54}},"26":{"start":{"line":41,"column":0},"end":{"line":45,"column":1}},"27":{"start":{"line":42,"column":15},"end":{"line":42,"column":64}},"28":{"start":{"line":43,"column":2},"end":{"line":43,"column":74}},"29":{"start":{"line":44,"column":2},"end":{"line":44,"column":51}},"30":{"start":{"line":47,"column":0},"end":{"line":47,"column":24}},"31":{"start":{"line":49,"column":0},"end":{"line":49,"column":87}},"32":{"start":{"line":49,"column":28},"end":{"line":49,"column":85}},"33":{"start":{"line":51,"column":0},"end":{"line":51,"column":25}},"34":{"start":{"line":53,"column":0},"end":{"line":53,"column":19}}},"fnMap":{"0":{"name":"(anonymous_1)","decl":{"start":{"line":16,"column":8},"end":{"line":16,"column":9}},"loc":{"start":{"line":16,"column":28},"end":{"line":19,"column":1}}},"1":{"name":"(anonymous_2)","decl":{"start":{"line":26,"column":12},"end":{"line":26,"column":13}},"loc":{"start":{"line":26,"column":99},"end":{"line":29,"column":5}}},"2":{"name":"(anonymous_3)","decl":{"start":{"line":49,"column":13},"end":{"line":49,"column":14}},"loc":{"start":{"line":49,"column":28},"end":{"line":49,"column":85}}}},"branchMap":{"0":{"loc":{"start":{"line":21,"column":21},"end":{"line":23,"column":54}},"type":"cond-expr","locations":[{"start":{"line":22,"column":5},"end":{"line":22,"column":56}},{"start":{"line":23,"column":4},"end":{"line":23,"column":54}}]},"1":{"loc":{"start":{"line":27,"column":6},"end":{"line":27,"column":47}},"type":"if","locations":[{"start":{"line":27,"column":6},"end":{"line":27,"column":47}},{"start":{},"end":{}}]},"2":{"loc":{"start":{"line":34,"column":24},"end":{"line":34,"column":132}},"type":"cond-expr","locations":[{"start":{"line":34,"column":71},"end":{"line":34,"column":115}},{"start":{"line":34,"column":118},"end":{"line":34,"column":132}}]},"3":{"loc":{"start":{"line":35,"column":21},"end":{"line":35,"column":108}},"type":"cond-expr","locations":[{"start":{"line":35,"column":63},"end":{"line":35,"column":102}},{"start":{"line":35,"column":105},"end":{"line":35,"column":108}}]},"4":{"loc":{"start":{"line":41,"column":0},"end":{"line":45,"column":1}},"type":"if","locations":[{"start":{"line":41,"column":0},"end":{"line":45,"column":1}},{"start":{},"end":{}}]}},"s":{"0":1,"1":1,"2":1,"3":1,"4":1,"5":1,"6":1,"7":1,"8":1,"9":1,"10":1,"11":1,"12":1,"13":4,"14":4,"15":1,"16":1,"17":4,"18":4,"19":0,"20":1,"21":1,"22":1,"23":1,"24":1,"25":1,"26":1,"27":1,"28":1,"29":1,"30":1,"31":1,"32":1,"33":1,"34":1},"f":{"0":4,"1":4,"2":1},"b":{"0":[1,0],"1":[4,0],"2":[1,0],"3":[1,0],"4":[1,0]}}
,"C:\\Users\\matti\\Desktop\\CryptoTest\\CryptoExplorer\\src\\config\\config.ts": {"path":"C:\\Users\\matti\\Desktop\\CryptoTest\\CryptoExplorer\\src\\config\\config.ts","statementMap":{"0":{"start":{"line":1,"column":0},"end":{"line":1,"column":28}},"1":{"start":{"line":2,"column":0},"end":{"line":2,"column":16}},"2":{"start":{"line":4,"column":13},"end":{"line":13,"column":2}}},"fnMap":{},"branchMap":{"0":{"loc":{"start":{"line":5,"column":8},"end":{"line":5,"column":40}},"type":"binary-expr","locations":[{"start":{"line":5,"column":8},"end":{"line":5,"column":32}},{"start":{"line":5,"column":36},"end":{"line":5,"column":40}}]},"1":{"loc":{"start":{"line":6,"column":14},"end":{"line":6,"column":44}},"type":"binary-expr","locations":[{"start":{"line":6,"column":14},"end":{"line":6,"column":38}},{"start":{"line":6,"column":42},"end":{"line":6,"column":44}}]},"2":{"loc":{"start":{"line":7,"column":15},"end":{"line":7,"column":46}},"type":"binary-expr","locations":[{"start":{"line":7,"column":15},"end":{"line":7,"column":40}},{"start":{"line":7,"column":44},"end":{"line":7,"column":46}}]},"3":{"loc":{"start":{"line":8,"column":13},"end":{"line":8,"column":67}},"type":"binary-expr","locations":[{"start":{"line":8,"column":13},"end":{"line":8,"column":35}},{"start":{"line":8,"column":39},"end":{"line":8,"column":67}}]},"4":{"loc":{"start":{"line":9,"column":15},"end":{"line":9,"column":83}},"type":"binary-expr","locations":[{"start":{"line":9,"column":15},"end":{"line":9,"column":36}},{"start":{"line":9,"column":40},"end":{"line":9,"column":83}}]},"5":{"loc":{"start":{"line":10,"column":11},"end":{"line":10,"column":48}},"type":"binary-expr","locations":[{"start":{"line":10,"column":11},"end":{"line":10,"column":31}},{"start":{"line":10,"column":35},"end":{"line":10,"column":48}}]},"6":{"loc":{"start":{"line":12,"column":19},"end":{"line":12,"column":54}},"type":"binary-expr","locations":[{"start":{"line":12,"column":19},"end":{"line":12,"column":48}},{"start":{"line":12,"column":52},"end":{"line":12,"column":54}}]}},"s":{"0":3,"1":3,"2":3},"f":{},"b":{"0":[3,3],"1":[3,3],"2":[3,3],"3":[3,3],"4":[3,3],"5":[3,0],"6":[3,3]}}
,"C:\\Users\\matti\\Desktop\\CryptoTest\\CryptoExplorer\\src\\config\\index.ts": {"path":"C:\\Users\\matti\\Desktop\\CryptoTest\\CryptoExplorer\\src\\config\\index.ts","statementMap":{"0":{"start":{"line":1,"column":0},"end":{"line":1,"column":25}}},"fnMap":{},"branchMap":{},"s":{"0":3},"f":{},"b":{}}
,"C:\\Users\\matti\\Desktop\\CryptoTest\\CryptoExplorer\\src\\controllers\\admin.controller.ts": {"path":"C:\\Users\\matti\\Desktop\\CryptoTest\\CryptoExplorer\\src\\controllers\\admin.controller.ts","statementMap":{"0":{"start":{"line":6,"column":0},"end":{"line":6,"column":7}},"1":{"start":{"line":26,"column":0},"end":{"line":26,"column":7}},"2":{"start":{"line":35,"column":0},"end":{"line":35,"column":7}},"3":{"start":{"line":46,"column":0},"end":{"line":46,"column":7}},"4":{"start":{"line":2,"column":0},"end":{"line":2,"column":28}},"5":{"start":{"line":3,"column":0},"end":{"line":3,"column":43}},"6":{"start":{"line":7,"column":4},"end":{"line":19,"column":5}},"7":{"start":{"line":8,"column":87},"end":{"line":8,"column":101}},"8":{"start":{"line":9,"column":29},"end":{"line":9,"column":60}},"9":{"start":{"line":10,"column":22},"end":{"line":13,"column":null}},"10":{"start":{"line":15,"column":8},"end":{"line":15,"column":150}},"11":{"start":{"line":17,"column":8},"end":{"line":17,"column":25}},"12":{"start":{"line":18,"column":8},"end":{"line":18,"column":51}},"13":{"start":{"line":27,"column":2},"end":{"line":33,"column":3}},"14":{"start":{"line":28,"column":18},"end":{"line":28,"column":70}},"15":{"start":{"line":29,"column":4},"end":{"line":29,"column":20}},"16":{"start":{"line":31,"column":4},"end":{"line":31,"column":21}},"17":{"start":{"line":32,"column":4},"end":{"line":32,"column":47}},"18":{"start":{"line":36,"column":2},"end":{"line":43,"column":3}},"19":{"start":{"line":37,"column":19},"end":{"line":37,"column":29}},"20":{"start":{"line":38,"column":4},"end":{"line":38,"column":42}},"21":{"start":{"line":39,"column":4},"end":{"line":39,"column":62}},"22":{"start":{"line":41,"column":4},"end":{"line":41,"column":21}},"23":{"start":{"line":42,"column":4},"end":{"line":42,"column":47}},"24":{"start":{"line":47,"column":2},"end":{"line":59,"column":3}},"25":{"start":{"line":48,"column":19},"end":{"line":48,"column":29}},"26":{"start":{"line":49,"column":21},"end":{"line":49,"column":35}},"27":{"start":{"line":50,"column":4},"end":{"line":50,"column":69}},"28":{"start":{"line":50,"column":15},"end":{"line":50,"column":69}},"29":{"start":{"line":51,"column":17},"end":{"line":51,"column":45}},"30":{"start":{"line":52,"column":4},"end":{"line":52,"column":80}},"31":{"start":{"line":52,"column":15},"end":{"line":52,"column":80}},"32":{"start":{"line":53,"column":4},"end":{"line":53,"column":21}},"33":{"start":{"line":54,"column":4},"end":{"line":54,"column":22}},"34":{"start":{"line":55,"column":4},"end":{"line":55,"column":139}},"35":{"start":{"line":57,"column":4},"end":{"line":57,"column":21}},"36":{"start":{"line":58,"column":4},"end":{"line":58,"column":47}}},"fnMap":{"0":{"name":"createAdminUser","decl":{"start":{"line":6,"column":22},"end":{"line":6,"column":37}},"loc":{"start":{"line":6,"column":65},"end":{"line":21,"column":1}}},"1":{"name":"usersList","decl":{"start":{"line":26,"column":22},"end":{"line":26,"column":31}},"loc":{"start":{"line":26,"column":59},"end":{"line":34,"column":1}}},"2":{"name":"deleteUser","decl":{"start":{"line":35,"column":22},"end":{"line":35,"column":32}},"loc":{"start":{"line":35,"column":60},"end":{"line":44,"column":1}}},"3":{"name":"modifyUserRole","decl":{"start":{"line":46,"column":22},"end":{"line":46,"column":36}},"loc":{"start":{"line":46,"column":64},"end":{"line":60,"column":1}}}},"branchMap":{"0":{"loc":{"start":{"line":8,"column":15},"end":{"line":8,"column":40}},"type":"default-arg","locations":[{"start":{"line":8,"column":23},"end":{"line":8,"column":40}}]},"1":{"loc":{"start":{"line":8,"column":42},"end":{"line":8,"column":60}},"type":"default-arg","locations":[{"start":{"line":8,"column":53},"end":{"line":8,"column":60}}]},"2":{"loc":{"start":{"line":8,"column":62},"end":{"line":8,"column":83}},"type":"default-arg","locations":[{"start":{"line":8,"column":73},"end":{"line":8,"column":83}}]},"3":{"loc":{"start":{"line":8,"column":87},"end":{"line":8,"column":101}},"type":"binary-expr","locations":[{"start":{"line":8,"column":87},"end":{"line":8,"column":95}},{"start":{"line":8,"column":99},"end":{"line":8,"column":101}}]},"4":{"loc":{"start":{"line":49,"column":21},"end":{"line":49,"column":35}},"type":"binary-expr","locations":[{"start":{"line":49,"column":21},"end":{"line":49,"column":29}},{"start":{"line":49,"column":33},"end":{"line":49,"column":35}}]},"5":{"loc":{"start":{"line":50,"column":4},"end":{"line":50,"column":69}},"type":"if","locations":[{"start":{"line":50,"column":4},"end":{"line":50,"column":69}},{"start":{},"end":{}}]},"6":{"loc":{"start":{"line":52,"column":4},"end":{"line":52,"column":80}},"type":"if","locations":[{"start":{"line":52,"column":4},"end":{"line":52,"column":80}},{"start":{},"end":{}}]}},"s":{"0":2,"1":2,"2":2,"3":2,"4":2,"5":2,"6":1,"7":1,"8":1,"9":1,"10":1,"11":0,"12":0,"13":1,"14":1,"15":1,"16":0,"17":0,"18":1,"19":1,"20":1,"21":1,"22":0,"23":0,"24":1,"25":1,"26":1,"27":1,"28":0,"29":1,"30":1,"31":0,"32":1,"33":1,"34":1,"35":0,"36":0},"f":{"0":1,"1":1,"2":1,"3":1},"b":{"0":[0],"1":[0],"2":[0],"3":[1,0],"4":[1,0],"5":[0,1],"6":[0,1]}}
,"C:\\Users\\matti\\Desktop\\CryptoTest\\CryptoExplorer\\src\\controllers\\auth.controller.ts": {"path":"C:\\Users\\matti\\Desktop\\CryptoTest\\CryptoExplorer\\src\\controllers\\auth.controller.ts","statementMap":{"0":{"start":{"line":6,"column":0},"end":{"line":6,"column":7}},"1":{"start":{"line":17,"column":0},"end":{"line":17,"column":7}},"2":{"start":{"line":2,"column":0},"end":{"line":2,"column":28}},"3":{"start":{"line":3,"column":0},"end":{"line":3,"column":43}},"4":{"start":{"line":4,"column":0},"end":{"line":4,"column":41}},"5":{"start":{"line":7,"column":40},"end":{"line":7,"column":54}},"6":{"start":{"line":8,"column":2},"end":{"line":8,"column":130}},"7":{"start":{"line":8,"column":40},"end":{"line":8,"column":130}},"8":{"start":{"line":9,"column":19},"end":{"line":9,"column":53}},"9":{"start":{"line":10,"column":2},"end":{"line":10,"column":80}},"10":{"start":{"line":10,"column":16},"end":{"line":10,"column":80}},"11":{"start":{"line":11,"column":23},"end":{"line":11,"column":54}},"12":{"start":{"line":12,"column":15},"end":{"line":12,"column":72}},"13":{"start":{"line":13,"column":16},"end":{"line":13,"column":75}},"14":{"start":{"line":14,"column":2},"end":{"line":14,"column":119}},"15":{"start":{"line":18,"column":30},"end":{"line":18,"column":44}},"16":{"start":{"line":19,"column":2},"end":{"line":19,"column":98}},"17":{"start":{"line":19,"column":27},"end":{"line":19,"column":98}},"18":{"start":{"line":20,"column":15},"end":{"line":20,"column":49}},"19":{"start":{"line":21,"column":2},"end":{"line":21,"column":78}},"20":{"start":{"line":21,"column":13},"end":{"line":21,"column":78}},"21":{"start":{"line":22,"column":13},"end":{"line":22,"column":62}},"22":{"start":{"line":23,"column":2},"end":{"line":23,"column":76}},"23":{"start":{"line":23,"column":11},"end":{"line":23,"column":76}},"24":{"start":{"line":24,"column":16},"end":{"line":24,"column":75}},"25":{"start":{"line":25,"column":2},"end":{"line":25,"column":140}}},"fnMap":{"0":{"name":"register","decl":{"start":{"line":6,"column":22},"end":{"line":6,"column":30}},"loc":{"start":{"line":6,"column":58},"end":{"line":15,"column":1}}},"1":{"name":"login","decl":{"start":{"line":17,"column":22},"end":{"line":17,"column":27}},"loc":{"start":{"line":17,"column":55},"end":{"line":26,"column":1}}}},"branchMap":{"0":{"loc":{"start":{"line":7,"column":40},"end":{"line":7,"column":54}},"type":"binary-expr","locations":[{"start":{"line":7,"column":40},"end":{"line":7,"column":48}},{"start":{"line":7,"column":52},"end":{"line":7,"column":54}}]},"1":{"loc":{"start":{"line":8,"column":2},"end":{"line":8,"column":130}},"type":"if","locations":[{"start":{"line":8,"column":2},"end":{"line":8,"column":130}},{"start":{},"end":{}}]},"2":{"loc":{"start":{"line":8,"column":6},"end":{"line":8,"column":38}},"type":"binary-expr","locations":[{"start":{"line":8,"column":6},"end":{"line":8,"column":12}},{"start":{"line":8,"column":16},"end":{"line":8,"column":25}},{"start":{"line":8,"column":29},"end":{"line":8,"column":38}}]},"3":{"loc":{"start":{"line":10,"column":2},"end":{"line":10,"column":80}},"type":"if","locations":[{"start":{"line":10,"column":2},"end":{"line":10,"column":80}},{"start":{},"end":{}}]},"4":{"loc":{"start":{"line":18,"column":30},"end":{"line":18,"column":44}},"type":"binary-expr","locations":[{"start":{"line":18,"column":30},"end":{"line":18,"column":38}},{"start":{"line":18,"column":42},"end":{"line":18,"column":44}}]},"5":{"loc":{"start":{"line":19,"column":2},"end":{"line":19,"column":98}},"type":"if","locations":[{"start":{"line":19,"column":2},"end":{"line":19,"column":98}},{"start":{},"end":{}}]},"6":{"loc":{"start":{"line":19,"column":6},"end":{"line":19,"column":25}},"type":"binary-expr","locations":[{"start":{"line":19,"column":6},"end":{"line":19,"column":12}},{"start":{"line":19,"column":16},"end":{"line":19,"column":25}}]},"7":{"loc":{"start":{"line":21,"column":2},"end":{"line":21,"column":78}},"type":"if","locations":[{"start":{"line":21,"column":2},"end":{"line":21,"column":78}},{"start":{},"end":{}}]},"8":{"loc":{"start":{"line":23,"column":2},"end":{"line":23,"column":76}},"type":"if","locations":[{"start":{"line":23,"column":2},"end":{"line":23,"column":76}},{"start":{},"end":{}}]},"9":{"loc":{"start":{"line":25,"column":114},"end":{"line":25,"column":134}},"type":"binary-expr","locations":[{"start":{"line":25,"column":114},"end":{"line":25,"column":128}},{"start":{"line":25,"column":132},"end":{"line":25,"column":134}}]}},"s":{"0":2,"1":2,"2":2,"3":2,"4":2,"5":5,"6":5,"7":0,"8":5,"9":5,"10":1,"11":4,"12":4,"13":4,"14":4,"15":3,"16":3,"17":0,"18":3,"19":3,"20":0,"21":3,"22":3,"23":1,"24":2,"25":2},"f":{"0":5,"1":3},"b":{"0":[5,0],"1":[0,5],"2":[5,5,5],"3":[1,4],"4":[3,0],"5":[0,3],"6":[3,3],"7":[0,3],"8":[1,2],"9":[2,0]}}
,"C:\\Users\\matti\\Desktop\\CryptoTest\\CryptoExplorer\\src\\controllers\\crypto.controller.ts": {"path":"C:\\Users\\matti\\Desktop\\CryptoTest\\CryptoExplorer\\src\\controllers\\crypto.controller.ts","statementMap":{"0":{"start":{"line":4,"column":0},"end":{"line":4,"column":7}},"1":{"start":{"line":2,"column":0},"end":{"line":2,"column":47}},"2":{"start":{"line":5,"column":18},"end":{"line":5,"column":67}},"3":{"start":{"line":6,"column":2},"end":{"line":6,"column":53}}},"fnMap":{"0":{"name":"listCryptos","decl":{"start":{"line":4,"column":22},"end":{"line":4,"column":33}},"loc":{"start":{"line":4,"column":62},"end":{"line":7,"column":1}}}},"branchMap":{},"s":{"0":2,"1":2,"2":1,"3":1},"f":{"0":1},"b":{}}
,"C:\\Users\\matti\\Desktop\\CryptoTest\\CryptoExplorer\\src\\controllers\\cryptoAnalyse.controller.ts": {"path":"C:\\Users\\matti\\Desktop\\CryptoTest\\CryptoExplorer\\src\\controllers\\cryptoAnalyse.controller.ts","statementMap":{"0":{"start":{"line":9,"column":0},"end":{"line":9,"column":7}},"1":{"start":{"line":2,"column":0},"end":{"line":2,"column":null}},"2":{"start":{"line":10,"column":2},"end":{"line":41,"column":3}},"3":{"start":{"line":11,"column":19},"end":{"line":11,"column":29}},"4":{"start":{"line":12,"column":27},"end":{"line":12,"column":36}},"5":{"start":{"line":14,"column":16},"end":{"line":14,"column":42}},"6":{"start":{"line":15,"column":4},"end":{"line":17,"column":5}},"7":{"start":{"line":16,"column":6},"end":{"line":16,"column":71}},"8":{"start":{"line":19,"column":19},"end":{"line":19,"column":22}},"9":{"start":{"line":21,"column":16},"end":{"line":21,"column":50}},"10":{"start":{"line":22,"column":23},"end":{"line":22,"column":48}},"11":{"start":{"line":24,"column":17},"end":{"line":24,"column":47}},"12":{"start":{"line":26,"column":4},"end":{"line":36,"column":7}},"13":{"start":{"line":39,"column":4},"end":{"line":39,"column":21}},"14":{"start":{"line":40,"column":4},"end":{"line":40,"column":54}}},"fnMap":{"0":{"name":"analyseCrypto","decl":{"start":{"line":9,"column":22},"end":{"line":9,"column":35}},"loc":{"start":{"line":9,"column":63},"end":{"line":42,"column":1}}}},"branchMap":{"0":{"loc":{"start":{"line":12,"column":12},"end":{"line":12,"column":22}},"type":"default-arg","locations":[{"start":{"line":12,"column":21},"end":{"line":12,"column":22}}]},"1":{"loc":{"start":{"line":15,"column":4},"end":{"line":17,"column":5}},"type":"if","locations":[{"start":{"line":15,"column":4},"end":{"line":17,"column":5}},{"start":{},"end":{}}]},"2":{"loc":{"start":{"line":15,"column":8},"end":{"line":15,"column":32}},"type":"binary-expr","locations":[{"start":{"line":15,"column":8},"end":{"line":15,"column":12}},{"start":{"line":15,"column":16},"end":{"line":15,"column":32}}]}},"s":{"0":2,"1":2,"2":1,"3":1,"4":1,"5":1,"6":1,"7":0,"8":1,"9":1,"10":1,"11":1,"12":1,"13":0,"14":0},"f":{"0":1},"b":{"0":[1],"1":[0,1],"2":[1,1]}}
,"C:\\Users\\matti\\Desktop\\CryptoTest\\CryptoExplorer\\src\\controllers\\dashboard.controller.ts": {"path":"C:\\Users\\matti\\Desktop\\CryptoTest\\CryptoExplorer\\src\\controllers\\dashboard.controller.ts","statementMap":{"0":{"start":{"line":4,"column":0},"end":{"line":4,"column":7}},"1":{"start":{"line":2,"column":0},"end":{"line":2,"column":65}},"2":{"start":{"line":5,"column":4},"end":{"line":11,"column":5}},"3":{"start":{"line":6,"column":24},"end":{"line":6,"column":44}},"4":{"start":{"line":7,"column":23},"end":{"line":7,"column":53}},"5":{"start":{"line":8,"column":8},"end":{"line":8,"column":null}},"6":{"start":{"line":10,"column":8},"end":{"line":10,"column":null}}},"fnMap":{"0":{"name":"dashboardController","decl":{"start":{"line":4,"column":22},"end":{"line":4,"column":41}},"loc":{"start":{"line":4,"column":69},"end":{"line":12,"column":1}}}},"branchMap":{},"s":{"0":2,"1":2,"2":1,"3":1,"4":1,"5":1,"6":0},"f":{"0":1},"b":{}}
,"C:\\Users\\matti\\Desktop\\CryptoTest\\CryptoExplorer\\src\\controllers\\listCrypto.controller.ts": {"path":"C:\\Users\\matti\\Desktop\\CryptoTest\\CryptoExplorer\\src\\controllers\\listCrypto.controller.ts","statementMap":{"0":{"start":{"line":4,"column":0},"end":{"line":4,"column":7}},"1":{"start":{"line":19,"column":0},"end":{"line":19,"column":7}},"2":{"start":{"line":2,"column":0},"end":{"line":2,"column":56}},"3":{"start":{"line":5,"column":2},"end":{"line":16,"column":3}},"4":{"start":{"line":6,"column":17},"end":{"line":6,"column":44}},"5":{"start":{"line":7,"column":18},"end":{"line":7,"column":47}},"6":{"start":{"line":8,"column":19},"end":{"line":8,"column":57}},"7":{"start":{"line":10,"column":17},"end":{"line":10,"column":58}},"8":{"start":{"line":12,"column":4},"end":{"line":12,"column":19}},"9":{"start":{"line":14,"column":4},"end":{"line":14,"column":23}},"10":{"start":{"line":15,"column":4},"end":{"line":15,"column":99}},"11":{"start":{"line":20,"column":2},"end":{"line":43,"column":3}},"12":{"start":{"line":21,"column":19},"end":{"line":21,"column":34}},"13":{"start":{"line":23,"column":23},"end":{"line":23,"column":44}},"14":{"start":{"line":25,"column":4},"end":{"line":27,"column":5}},"15":{"start":{"line":26,"column":8},"end":{"line":26,"column":97}},"16":{"start":{"line":29,"column":19},"end":{"line":33,"column":6}},"17":{"start":{"line":35,"column":4},"end":{"line":37,"column":5}},"18":{"start":{"line":36,"column":6},"end":{"line":36,"column":69}},"19":{"start":{"line":39,"column":4},"end":{"line":39,"column":29}},"20":{"start":{"line":41,"column":4},"end":{"line":41,"column":23}},"21":{"start":{"line":42,"column":4},"end":{"line":42,"column":82}}},"fnMap":{"0":{"name":"listCryptosDB","decl":{"start":{"line":4,"column":22},"end":{"line":4,"column":35}},"loc":{"start":{"line":4,"column":63},"end":{"line":17,"column":1}}},"1":{"name":"rechercherCrypto","decl":{"start":{"line":19,"column":22},"end":{"line":19,"column":38}},"loc":{"start":{"line":19,"column":66},"end":{"line":44,"column":1}}}},"branchMap":{"0":{"loc":{"start":{"line":6,"column":17},"end":{"line":6,"column":44}},"type":"binary-expr","locations":[{"start":{"line":6,"column":17},"end":{"line":6,"column":39}},{"start":{"line":6,"column":43},"end":{"line":6,"column":44}}]},"1":{"loc":{"start":{"line":7,"column":18},"end":{"line":7,"column":47}},"type":"binary-expr","locations":[{"start":{"line":7,"column":18},"end":{"line":7,"column":41}},{"start":{"line":7,"column":45},"end":{"line":7,"column":47}}]},"2":{"loc":{"start":{"line":23,"column":24},"end":{"line":23,"column":36}},"type":"binary-expr","locations":[{"start":{"line":23,"column":24},"end":{"line":23,"column":30}},{"start":{"line":23,"column":34},"end":{"line":23,"column":36}}]},"3":{"loc":{"start":{"line":25,"column":4},"end":{"line":27,"column":5}},"type":"if","locations":[{"start":{"line":25,"column":4},"end":{"line":27,"column":5}},{"start":{},"end":{}}]},"4":{"loc":{"start":{"line":35,"column":4},"end":{"line":37,"column":5}},"type":"if","locations":[{"start":{"line":35,"column":4},"end":{"line":37,"column":5}},{"start":{},"end":{}}]}},"s":{"0":4,"1":4,"2":4,"3":2,"4":2,"5":2,"6":2,"7":2,"8":2,"9":0,"10":0,"11":5,"12":5,"13":5,"14":5,"15":2,"16":3,"17":3,"18":2,"19":1,"20":0,"21":0},"f":{"0":2,"1":5},"b":{"0":[2,2],"1":[2,2],"2":[5,0],"3":[2,3],"4":[2,1]}}
,"C:\\Users\\matti\\Desktop\\CryptoTest\\CryptoExplorer\\src\\controllers\\markets.controller.ts": {"path":"C:\\Users\\matti\\Desktop\\CryptoTest\\CryptoExplorer\\src\\controllers\\markets.controller.ts","statementMap":{"0":{"start":{"line":6,"column":0},"end":{"line":6,"column":7}},"1":{"start":{"line":16,"column":0},"end":{"line":16,"column":7}},"2":{"start":{"line":2,"column":0},"end":{"line":2,"column":59}},"3":{"start":{"line":3,"column":0},"end":{"line":3,"column":47}},"4":{"start":{"line":4,"column":0},"end":{"line":4,"column":63}},"5":{"start":{"line":7,"column":23},"end":{"line":7,"column":64}},"6":{"start":{"line":8,"column":15},"end":{"line":8,"column":52}},"7":{"start":{"line":9,"column":19},"end":{"line":9,"column":71}},"8":{"start":{"line":10,"column":15},"end":{"line":10,"column":58}},"9":{"start":{"line":12,"column":15},"end":{"line":12,"column":127}},"10":{"start":{"line":13,"column":2},"end":{"line":13,"column":41}},"11":{"start":{"line":17,"column":23},"end":{"line":17,"column":64}},"12":{"start":{"line":18,"column":15},"end":{"line":18,"column":52}},"13":{"start":{"line":19,"column":19},"end":{"line":19,"column":70}},"14":{"start":{"line":20,"column":15},"end":{"line":20,"column":57}},"15":{"start":{"line":22,"column":15},"end":{"line":22,"column":127}},"16":{"start":{"line":24,"column":17},"end":{"line":24,"column":18}},"17":{"start":{"line":25,"column":2},"end":{"line":42,"column":3}},"18":{"start":{"line":26,"column":123},"end":{"line":26,"column":124}},"19":{"start":{"line":27,"column":19},"end":{"line":30,"column":null}},"20":{"start":{"line":32,"column":4},"end":{"line":40,"column":7}},"21":{"start":{"line":41,"column":4},"end":{"line":41,"column":18}},"22":{"start":{"line":44,"column":2},"end":{"line":44,"column":94}}},"fnMap":{"0":{"name":"listMarkets","decl":{"start":{"line":6,"column":22},"end":{"line":6,"column":33}},"loc":{"start":{"line":6,"column":61},"end":{"line":14,"column":1}}},"1":{"name":"convertToNewModel","decl":{"start":{"line":16,"column":22},"end":{"line":16,"column":39}},"loc":{"start":{"line":16,"column":67},"end":{"line":45,"column":1}}}},"branchMap":{"0":{"loc":{"start":{"line":7,"column":23},"end":{"line":7,"column":64}},"type":"binary-expr","locations":[{"start":{"line":7,"column":23},"end":{"line":7,"column":55}},{"start":{"line":7,"column":59},"end":{"line":7,"column":64}}]},"1":{"loc":{"start":{"line":8,"column":15},"end":{"line":8,"column":52}},"type":"binary-expr","locations":[{"start":{"line":8,"column":15},"end":{"line":8,"column":39}},{"start":{"line":8,"column":43},"end":{"line":8,"column":52}}]},"2":{"loc":{"start":{"line":9,"column":19},"end":{"line":9,"column":71}},"type":"cond-expr","locations":[{"start":{"line":9,"column":40},"end":{"line":9,"column":66}},{"start":{"line":9,"column":69},"end":{"line":9,"column":71}}]},"3":{"loc":{"start":{"line":10,"column":15},"end":{"line":10,"column":58}},"type":"cond-expr","locations":[{"start":{"line":10,"column":32},"end":{"line":10,"column":54}},{"start":{"line":10,"column":57},"end":{"line":10,"column":58}}]},"4":{"loc":{"start":{"line":17,"column":23},"end":{"line":17,"column":64}},"type":"binary-expr","locations":[{"start":{"line":17,"column":23},"end":{"line":17,"column":55}},{"start":{"line":17,"column":59},"end":{"line":17,"column":64}}]},"5":{"loc":{"start":{"line":18,"column":15},"end":{"line":18,"column":52}},"type":"binary-expr","locations":[{"start":{"line":18,"column":15},"end":{"line":18,"column":39}},{"start":{"line":18,"column":43},"end":{"line":18,"column":52}}]},"6":{"loc":{"start":{"line":19,"column":19},"end":{"line":19,"column":70}},"type":"cond-expr","locations":[{"start":{"line":19,"column":40},"end":{"line":19,"column":65}},{"start":{"line":19,"column":68},"end":{"line":19,"column":70}}]},"7":{"loc":{"start":{"line":20,"column":15},"end":{"line":20,"column":57}},"type":"cond-expr","locations":[{"start":{"line":20,"column":32},"end":{"line":20,"column":53}},{"start":{"line":20,"column":56},"end":{"line":20,"column":57}}]}},"s":{"0":1,"1":1,"2":1,"3":1,"4":1,"5":0,"6":0,"7":0,"8":0,"9":0,"10":0,"11":0,"12":0,"13":0,"14":0,"15":0,"16":0,"17":0,"18":0,"19":0,"20":0,"21":0,"22":0},"f":{"0":0,"1":0},"b":{"0":[0,0],"1":[0,0],"2":[0,0],"3":[0,0],"4":[0,0],"5":[0,0],"6":[0,0],"7":[0,0]}}
,"C:\\Users\\matti\\Desktop\\CryptoTest\\CryptoExplorer\\src\\controllers\\user.controller.ts": {"path":"C:\\Users\\matti\\Desktop\\CryptoTest\\CryptoExplorer\\src\\controllers\\user.controller.ts","statementMap":{"0":{"start":{"line":5,"column":0},"end":{"line":5,"column":7}},"1":{"start":{"line":12,"column":0},"end":{"line":12,"column":7}},"2":{"start":{"line":25,"column":0},"end":{"line":25,"column":7}},"3":{"start":{"line":2,"column":0},"end":{"line":2,"column":43}},"4":{"start":{"line":6,"column":2},"end":{"line":6,"column":76}},"5":{"start":{"line":6,"column":19},"end":{"line":6,"column":76}},"6":{"start":{"line":7,"column":15},"end":{"line":7,"column":51}},"7":{"start":{"line":8,"column":2},"end":{"line":8,"column":68}},"8":{"start":{"line":8,"column":13},"end":{"line":8,"column":68}},"9":{"start":{"line":9,"column":2},"end":{"line":9,"column":42}},"10":{"start":{"line":13,"column":2},"end":{"line":13,"column":76}},"11":{"start":{"line":13,"column":19},"end":{"line":13,"column":76}},"12":{"start":{"line":14,"column":22},"end":{"line":14,"column":36}},"13":{"start":{"line":15,"column":2},"end":{"line":15,"column":73}},"14":{"start":{"line":15,"column":15},"end":{"line":15,"column":73}},"15":{"start":{"line":17,"column":15},"end":{"line":17,"column":51}},"16":{"start":{"line":18,"column":2},"end":{"line":18,"column":68}},"17":{"start":{"line":18,"column":13},"end":{"line":18,"column":68}},"18":{"start":{"line":19,"column":2},"end":{"line":19,"column":40}},"19":{"start":{"line":20,"column":2},"end":{"line":20,"column":68}},"20":{"start":{"line":20,"column":40},"end":{"line":20,"column":68}},"21":{"start":{"line":21,"column":2},"end":{"line":21,"column":20}},"22":{"start":{"line":22,"column":2},"end":{"line":22,"column":42}},"23":{"start":{"line":26,"column":2},"end":{"line":26,"column":76}},"24":{"start":{"line":26,"column":19},"end":{"line":26,"column":76}},"25":{"start":{"line":27,"column":22},"end":{"line":27,"column":38}},"26":{"start":{"line":28,"column":15},"end":{"line":28,"column":51}},"27":{"start":{"line":29,"column":2},"end":{"line":29,"column":68}},"28":{"start":{"line":29,"column":13},"end":{"line":29,"column":68}},"29":{"start":{"line":30,"column":2},"end":{"line":30,"column":70}},"30":{"start":{"line":30,"column":56},"end":{"line":30,"column":68}},"31":{"start":{"line":31,"column":2},"end":{"line":31,"column":20}},"32":{"start":{"line":32,"column":2},"end":{"line":32,"column":42}}},"fnMap":{"0":{"name":"listFavorites","decl":{"start":{"line":5,"column":22},"end":{"line":5,"column":35}},"loc":{"start":{"line":5,"column":67},"end":{"line":10,"column":1}}},"1":{"name":"addFavorite","decl":{"start":{"line":12,"column":22},"end":{"line":12,"column":33}},"loc":{"start":{"line":12,"column":65},"end":{"line":23,"column":1}}},"2":{"name":"removeFavorite","decl":{"start":{"line":25,"column":22},"end":{"line":25,"column":36}},"loc":{"start":{"line":25,"column":68},"end":{"line":33,"column":1}}},"3":{"name":"(anonymous_3)","decl":{"start":{"line":30,"column":49},"end":{"line":30,"column":50}},"loc":{"start":{"line":30,"column":56},"end":{"line":30,"column":68}}}},"branchMap":{"0":{"loc":{"start":{"line":6,"column":2},"end":{"line":6,"column":76}},"type":"if","locations":[{"start":{"line":6,"column":2},"end":{"line":6,"column":76}},{"start":{},"end":{}}]},"1":{"loc":{"start":{"line":8,"column":2},"end":{"line":8,"column":68}},"type":"if","locations":[{"start":{"line":8,"column":2},"end":{"line":8,"column":68}},{"start":{},"end":{}}]},"2":{"loc":{"start":{"line":13,"column":2},"end":{"line":13,"column":76}},"type":"if","locations":[{"start":{"line":13,"column":2},"end":{"line":13,"column":76}},{"start":{},"end":{}}]},"3":{"loc":{"start":{"line":14,"column":22},"end":{"line":14,"column":36}},"type":"binary-expr","locations":[{"start":{"line":14,"column":22},"end":{"line":14,"column":30}},{"start":{"line":14,"column":34},"end":{"line":14,"column":36}}]},"4":{"loc":{"start":{"line":15,"column":2},"end":{"line":15,"column":73}},"type":"if","locations":[{"start":{"line":15,"column":2},"end":{"line":15,"column":73}},{"start":{},"end":{}}]},"5":{"loc":{"start":{"line":18,"column":2},"end":{"line":18,"column":68}},"type":"if","locations":[{"start":{"line":18,"column":2},"end":{"line":18,"column":68}},{"start":{},"end":{}}]},"6":{"loc":{"start":{"line":19,"column":19},"end":{"line":19,"column":39}},"type":"binary-expr","locations":[{"start":{"line":19,"column":19},"end":{"line":19,"column":33}},{"start":{"line":19,"column":37},"end":{"line":19,"column":39}}]},"7":{"loc":{"start":{"line":20,"column":2},"end":{"line":20,"column":68}},"type":"if","locations":[{"start":{"line":20,"column":2},"end":{"line":20,"column":68}},{"start":{},"end":{}}]},"8":{"loc":{"start":{"line":26,"column":2},"end":{"line":26,"column":76}},"type":"if","locations":[{"start":{"line":26,"column":2},"end":{"line":26,"column":76}},{"start":{},"end":{}}]},"9":{"loc":{"start":{"line":27,"column":22},"end":{"line":27,"column":38}},"type":"binary-expr","locations":[{"start":{"line":27,"column":22},"end":{"line":27,"column":32}},{"start":{"line":27,"column":36},"end":{"line":27,"column":38}}]},"10":{"loc":{"start":{"line":29,"column":2},"end":{"line":29,"column":68}},"type":"if","locations":[{"start":{"line":29,"column":2},"end":{"line":29,"column":68}},{"start":{},"end":{}}]},"11":{"loc":{"start":{"line":30,"column":20},"end":{"line":30,"column":40}},"type":"binary-expr","locations":[{"start":{"line":30,"column":20},"end":{"line":30,"column":34}},{"start":{"line":30,"column":38},"end":{"line":30,"column":40}}]}},"s":{"0":1,"1":1,"2":1,"3":1,"4":0,"5":0,"6":0,"7":0,"8":0,"9":0,"10":0,"11":0,"12":0,"13":0,"14":0,"15":0,"16":0,"17":0,"18":0,"19":0,"20":0,"21":0,"22":0,"23":0,"24":0,"25":0,"26":0,"27":0,"28":0,"29":0,"30":0,"31":0,"32":0},"f":{"0":0,"1":0,"2":0,"3":0},"b":{"0":[0,0],"1":[0,0],"2":[0,0],"3":[0,0],"4":[0,0],"5":[0,0],"6":[0,0],"7":[0,0],"8":[0,0],"9":[0,0],"10":[0,0],"11":[0,0]}}
,"C:\\Users\\matti\\Desktop\\CryptoTest\\CryptoExplorer\\src\\middlewares\\auth.ts": {"path":"C:\\Users\\matti\\Desktop\\CryptoTest\\CryptoExplorer\\src\\middlewares\\auth.ts","statementMap":{"0":{"start":{"line":8,"column":0},"end":{"line":8,"column":16}},"1":{"start":{"line":2,"column":0},"end":{"line":2,"column":31}},"2":{"start":{"line":3,"column":0},"end":{"line":3,"column":35}},"3":{"start":{"line":9,"column":17},"end":{"line":9,"column":48}},"4":{"start":{"line":10,"column":16},"end":{"line":10,"column":69}},"5":{"start":{"line":11,"column":2},"end":{"line":11,"column":85}},"6":{"start":{"line":11,"column":14},"end":{"line":11,"column":85}},"7":{"start":{"line":12,"column":2},"end":{"line":19,"column":3}},"8":{"start":{"line":13,"column":20},"end":{"line":13,"column":70}},"9":{"start":{"line":14,"column":5},"end":{"line":14,"column":32}},"10":{"start":{"line":15,"column":5},"end":{"line":15,"column":41}},"11":{"start":{"line":16,"column":4},"end":{"line":16,"column":11}},"12":{"start":{"line":18,"column":4},"end":{"line":18,"column":60}}},"fnMap":{"0":{"name":"authRequired","decl":{"start":{"line":8,"column":16},"end":{"line":8,"column":28}},"loc":{"start":{"line":8,"column":76},"end":{"line":20,"column":1}}}},"branchMap":{"0":{"loc":{"start":{"line":9,"column":17},"end":{"line":9,"column":48}},"type":"binary-expr","locations":[{"start":{"line":9,"column":17},"end":{"line":9,"column":42}},{"start":{"line":9,"column":46},"end":{"line":9,"column":48}}]},"1":{"loc":{"start":{"line":10,"column":16},"end":{"line":10,"column":69}},"type":"cond-expr","locations":[{"start":{"line":10,"column":47},"end":{"line":10,"column":62}},{"start":{"line":10,"column":65},"end":{"line":10,"column":69}}]},"2":{"loc":{"start":{"line":11,"column":2},"end":{"line":11,"column":85}},"type":"if","locations":[{"start":{"line":11,"column":2},"end":{"line":11,"column":85}},{"start":{},"end":{}}]}},"s":{"0":2,"1":2,"2":2,"3":3,"4":3,"5":3,"6":1,"7":2,"8":2,"9":1,"10":1,"11":1,"12":1},"f":{"0":3},"b":{"0":[3,1],"1":[2,1],"2":[1,2]}}
,"C:\\Users\\matti\\Desktop\\CryptoTest\\CryptoExplorer\\src\\middlewares\\error.middleware.ts": {"path":"C:\\Users\\matti\\Desktop\\CryptoTest\\CryptoExplorer\\src\\middlewares\\error.middleware.ts","statementMap":{"0":{"start":{"line":4,"column":0},"end":{"line":4,"column":24}},"1":{"start":{"line":2,"column":0},"end":{"line":2,"column":37}},"2":{"start":{"line":5,"column":17},"end":{"line":5,"column":34}},"3":{"start":{"line":6,"column":18},"end":{"line":6,"column":60}},"4":{"start":{"line":7,"column":2},"end":{"line":9,"column":3}},"5":{"start":{"line":8,"column":4},"end":{"line":8,"column":48}},"6":{"start":{"line":10,"column":2},"end":{"line":10,"column":46}}},"fnMap":{"0":{"name":"errorMiddleware","decl":{"start":{"line":4,"column":24},"end":{"line":4,"column":39}},"loc":{"start":{"line":4,"column":99},"end":{"line":11,"column":1}}}},"branchMap":{"0":{"loc":{"start":{"line":5,"column":17},"end":{"line":5,"column":34}},"type":"binary-expr","locations":[{"start":{"line":5,"column":17},"end":{"line":5,"column":27}},{"start":{"line":5,"column":31},"end":{"line":5,"column":34}}]},"1":{"loc":{"start":{"line":6,"column":18},"end":{"line":6,"column":60}},"type":"binary-expr","locations":[{"start":{"line":6,"column":18},"end":{"line":6,"column":29}},{"start":{"line":6,"column":33},"end":{"line":6,"column":60}}]},"2":{"loc":{"start":{"line":7,"column":2},"end":{"line":9,"column":3}},"type":"if","locations":[{"start":{"line":7,"column":2},"end":{"line":9,"column":3}},{"start":{},"end":{}}]}},"s":{"0":1,"1":1,"2":0,"3":0,"4":0,"5":0,"6":0},"f":{"0":0},"b":{"0":[0,0],"1":[0,0],"2":[0,0]}}
,"C:\\Users\\matti\\Desktop\\CryptoTest\\CryptoExplorer\\src\\models\\Crypto.ts": {"path":"C:\\Users\\matti\\Desktop\\CryptoTest\\CryptoExplorer\\src\\models\\Crypto.ts","statementMap":{"0":{"start":{"line":1,"column":0},"end":{"line":1,"column":54}},"1":{"start":{"line":10,"column":21},"end":{"line":15,"column":24}},"2":{"start":{"line":17,"column":13},"end":{"line":17,"column":75}}},"fnMap":{},"branchMap":{},"s":{"0":8,"1":8,"2":8},"f":{},"b":{}}
,"C:\\Users\\matti\\Desktop\\CryptoTest\\CryptoExplorer\\src\\models\\MarketSnapshot.ts": {"path":"C:\\Users\\matti\\Desktop\\CryptoTest\\CryptoExplorer\\src\\models\\MarketSnapshot.ts","statementMap":{"0":{"start":{"line":1,"column":0},"end":{"line":1,"column":54}},"1":{"start":{"line":13,"column":29},"end":{"line":21,"column":24}},"2":{"start":{"line":23,"column":13},"end":{"line":23,"column":107}}},"fnMap":{},"branchMap":{},"s":{"0":7,"1":7,"2":7},"f":{},"b":{}}
,"C:\\Users\\matti\\Desktop\\CryptoTest\\CryptoExplorer\\src\\models\\User.ts": {"path":"C:\\Users\\matti\\Desktop\\CryptoTest\\CryptoExplorer\\src\\models\\User.ts","statementMap":{"0":{"start":{"line":1,"column":0},"end":{"line":1,"column":54}},"1":{"start":{"line":11,"column":19},"end":{"line":17,"column":24}},"2":{"start":{"line":19,"column":13},"end":{"line":19,"column":67}}},"fnMap":{},"branchMap":{},"s":{"0":4,"1":4,"2":4},"f":{},"b":{}}
,"C:\\Users\\matti\\Desktop\\CryptoTest\\CryptoExplorer\\src\\routes\\admin.route.ts": {"path":"C:\\Users\\matti\\Desktop\\CryptoTest\\CryptoExplorer\\src\\routes\\admin.route.ts","statementMap":{"0":{"start":{"line":1,"column":0},"end":{"line":1,"column":33}},"1":{"start":{"line":2,"column":0},"end":{"line":2,"column":51}},"2":{"start":{"line":3,"column":0},"end":{"line":3,"column":105}},"3":{"start":{"line":5,"column":15},"end":{"line":5,"column":23}},"4":{"start":{"line":7,"column":0},"end":{"line":12,"column":14}},"5":{"start":{"line":8,"column":2},"end":{"line":10,"column":3}},"6":{"start":{"line":9,"column":4},"end":{"line":9,"column":65}},"7":{"start":{"line":11,"column":2},"end":{"line":11,"column":9}},"8":{"start":{"line":14,"column":0},"end":{"line":19,"column":15}},"9":{"start":{"line":15,"column":2},"end":{"line":17,"column":3}},"10":{"start":{"line":16,"column":4},"end":{"line":16,"column":65}},"11":{"start":{"line":18,"column":4},"end":{"line":18,"column":11}},"12":{"start":{"line":21,"column":0},"end":{"line":26,"column":19}},"13":{"start":{"line":22,"column":2},"end":{"line":24,"column":3}},"14":{"start":{"line":23,"column":4},"end":{"line":23,"column":65}},"15":{"start":{"line":25,"column":4},"end":{"line":25,"column":11}},"16":{"start":{"line":28,"column":0},"end":{"line":28,"column":46}},"17":{"start":{"line":30,"column":0},"end":{"line":30,"column":22}}},"fnMap":{"0":{"name":"(anonymous_0)","decl":{"start":{"line":7,"column":35},"end":{"line":7,"column":36}},"loc":{"start":{"line":7,"column":59},"end":{"line":12,"column":1}}},"1":{"name":"(anonymous_1)","decl":{"start":{"line":14,"column":42},"end":{"line":14,"column":43}},"loc":{"start":{"line":14,"column":66},"end":{"line":19,"column":1}}},"2":{"name":"(anonymous_2)","decl":{"start":{"line":21,"column":46},"end":{"line":21,"column":47}},"loc":{"start":{"line":21,"column":70},"end":{"line":26,"column":1}}}},"branchMap":{"0":{"loc":{"start":{"line":8,"column":2},"end":{"line":10,"column":3}},"type":"if","locations":[{"start":{"line":8,"column":2},"end":{"line":10,"column":3}},{"start":{},"end":{}}]},"1":{"loc":{"start":{"line":15,"column":2},"end":{"line":17,"column":3}},"type":"if","locations":[{"start":{"line":15,"column":2},"end":{"line":17,"column":3}},{"start":{},"end":{}}]},"2":{"loc":{"start":{"line":22,"column":2},"end":{"line":24,"column":3}},"type":"if","locations":[{"start":{"line":22,"column":2},"end":{"line":24,"column":3}},{"start":{},"end":{}}]}},"s":{"0":1,"1":1,"2":1,"3":1,"4":1,"5":0,"6":0,"7":0,"8":1,"9":0,"10":0,"11":0,"12":1,"13":0,"14":0,"15":0,"16":1,"17":1},"f":{"0":0,"1":0,"2":0},"b":{"0":[0,0],"1":[0,0],"2":[0,0]}}
,"C:\\Users\\matti\\Desktop\\CryptoTest\\CryptoExplorer\\src\\routes\\auth.route.ts": {"path":"C:\\Users\\matti\\Desktop\\CryptoTest\\CryptoExplorer\\src\\routes\\auth.route.ts","statementMap":{"0":{"start":{"line":1,"column":0},"end":{"line":1,"column":33}},"1":{"start":{"line":2,"column":0},"end":{"line":2,"column":65}},"2":{"start":{"line":4,"column":15},"end":{"line":4,"column":23}},"3":{"start":{"line":6,"column":0},"end":{"line":6,"column":35}},"4":{"start":{"line":7,"column":0},"end":{"line":7,"column":29}},"5":{"start":{"line":9,"column":0},"end":{"line":9,"column":22}}},"fnMap":{},"branchMap":{},"s":{"0":1,"1":1,"2":1,"3":1,"4":1,"5":1},"f":{},"b":{}}
,"C:\\Users\\matti\\Desktop\\CryptoTest\\CryptoExplorer\\src\\routes\\crypto.route.ts": {"path":"C:\\Users\\matti\\Desktop\\CryptoTest\\CryptoExplorer\\src\\routes\\crypto.route.ts","statementMap":{"0":{"start":{"line":1,"column":0},"end":{"line":1,"column":33}},"1":{"start":{"line":2,"column":0},"end":{"line":2,"column":63}},"2":{"start":{"line":3,"column":0},"end":{"line":3,"column":69}},"3":{"start":{"line":4,"column":0},"end":{"line":4,"column":51}},"4":{"start":{"line":5,"column":0},"end":{"line":5,"column":72}},"5":{"start":{"line":6,"column":0},"end":{"line":6,"column":70}},"6":{"start":{"line":7,"column":0},"end":{"line":7,"column":74}},"7":{"start":{"line":10,"column":15},"end":{"line":10,"column":23}},"8":{"start":{"line":12,"column":0},"end":{"line":12,"column":43}},"9":{"start":{"line":13,"column":0},"end":{"line":13,"column":34}},"10":{"start":{"line":15,"column":0},"end":{"line":15,"column":46}},"11":{"start":{"line":16,"column":0},"end":{"line":16,"column":42}},"12":{"start":{"line":18,"column":0},"end":{"line":18,"column":46}},"13":{"start":{"line":20,"column":0},"end":{"line":20,"column":22}}},"fnMap":{},"branchMap":{},"s":{"0":1,"1":1,"2":1,"3":1,"4":1,"5":1,"6":1,"7":1,"8":1,"9":1,"10":1,"11":1,"12":1,"13":1},"f":{},"b":{}}
,"C:\\Users\\matti\\Desktop\\CryptoTest\\CryptoExplorer\\src\\routes\\index.ts": {"path":"C:\\Users\\matti\\Desktop\\CryptoTest\\CryptoExplorer\\src\\routes\\index.ts","statementMap":{"0":{"start":{"line":1,"column":0},"end":{"line":1,"column":33}},"1":{"start":{"line":2,"column":0},"end":{"line":2,"column":42}},"2":{"start":{"line":3,"column":0},"end":{"line":3,"column":44}},"3":{"start":{"line":4,"column":0},"end":{"line":4,"column":38}},"4":{"start":{"line":5,"column":0},"end":{"line":5,"column":40}},"5":{"start":{"line":6,"column":0},"end":{"line":6,"column":38}},"6":{"start":{"line":7,"column":15},"end":{"line":7,"column":23}},"7":{"start":{"line":9,"column":0},"end":{"line":9,"column":32}},"8":{"start":{"line":10,"column":0},"end":{"line":10,"column":37}},"9":{"start":{"line":11,"column":0},"end":{"line":11,"column":38}},"10":{"start":{"line":12,"column":0},"end":{"line":12,"column":34}},"11":{"start":{"line":13,"column":0},"end":{"line":13,"column":33}},"12":{"start":{"line":14,"column":0},"end":{"line":14,"column":22}}},"fnMap":{},"branchMap":{},"s":{"0":1,"1":1,"2":1,"3":1,"4":1,"5":1,"6":1,"7":1,"8":1,"9":1,"10":1,"11":1,"12":1},"f":{},"b":{}}
,"C:\\Users\\matti\\Desktop\\CryptoTest\\CryptoExplorer\\src\\routes\\markets.route.ts": {"path":"C:\\Users\\matti\\Desktop\\CryptoTest\\CryptoExplorer\\src\\routes\\markets.route.ts","statementMap":{"0":{"start":{"line":1,"column":0},"end":{"line":1,"column":33}},"1":{"start":{"line":2,"column":0},"end":{"line":2,"column":83}},"2":{"start":{"line":3,"column":0},"end":{"line":3,"column":51}},"3":{"start":{"line":5,"column":15},"end":{"line":5,"column":23}},"4":{"start":{"line":7,"column":0},"end":{"line":7,"column":43}},"5":{"start":{"line":8,"column":0},"end":{"line":8,"column":67}},"6":{"start":{"line":10,"column":0},"end":{"line":10,"column":22}}},"fnMap":{},"branchMap":{},"s":{"0":1,"1":1,"2":1,"3":1,"4":1,"5":1,"6":1},"f":{},"b":{}}
,"C:\\Users\\matti\\Desktop\\CryptoTest\\CryptoExplorer\\src\\routes\\user.route.ts": {"path":"C:\\Users\\matti\\Desktop\\CryptoTest\\CryptoExplorer\\src\\routes\\user.route.ts","statementMap":{"0":{"start":{"line":1,"column":0},"end":{"line":1,"column":33}},"1":{"start":{"line":2,"column":0},"end":{"line":2,"column":51}},"2":{"start":{"line":3,"column":0},"end":{"line":3,"column":92}},"3":{"start":{"line":5,"column":15},"end":{"line":5,"column":23}},"4":{"start":{"line":7,"column":0},"end":{"line":7,"column":54}},"5":{"start":{"line":8,"column":0},"end":{"line":8,"column":53}},"6":{"start":{"line":9,"column":0},"end":{"line":9,"column":66}},"7":{"start":{"line":11,"column":0},"end":{"line":11,"column":22}}},"fnMap":{},"branchMap":{},"s":{"0":1,"1":1,"2":1,"3":1,"4":1,"5":1,"6":1,"7":1},"f":{},"b":{}}
,"C:\\Users\\matti\\Desktop\\CryptoTest\\CryptoExplorer\\src\\services\\coingecko.service.ts": {"path":"C:\\Users\\matti\\Desktop\\CryptoTest\\CryptoExplorer\\src\\services\\coingecko.service.ts","statementMap":{"0":{"start":{"line":17,"column":0},"end":{"line":17,"column":7}},"1":{"start":{"line":1,"column":0},"end":{"line":1,"column":26}},"2":{"start":{"line":3,"column":17},"end":{"line":3,"column":51}},"3":{"start":{"line":5,"column":17},"end":{"line":5,"column":18}},"4":{"start":{"line":6,"column":24},"end":{"line":6,"column":28}},"5":{"start":{"line":8,"column":29},"end":{"line":8,"column":74}},"6":{"start":{"line":8,"column":55},"end":{"line":8,"column":72}},"7":{"start":{"line":11,"column":14},"end":{"line":11,"column":24}},"8":{"start":{"line":12,"column":15},"end":{"line":12,"column":49}},"9":{"start":{"line":13,"column":2},"end":{"line":13,"column":34}},"10":{"start":{"line":13,"column":16},"end":{"line":13,"column":34}},"11":{"start":{"line":14,"column":2},"end":{"line":14,"column":26}},"12":{"start":{"line":25,"column":2},"end":{"line":25,"column":22}},"13":{"start":{"line":26,"column":2},"end":{"line":36,"column":3}},"14":{"start":{"line":27,"column":16},"end":{"line":27,"column":88}},"15":{"start":{"line":28,"column":4},"end":{"line":28,"column":29}},"16":{"start":{"line":30,"column":4},"end":{"line":34,"column":5}},"17":{"start":{"line":31,"column":23},"end":{"line":31,"column":67}},"18":{"start":{"line":32,"column":6},"end":{"line":32,"column":23}},"19":{"start":{"line":33,"column":6},"end":{"line":33,"column":16}},"20":{"start":{"line":35,"column":4},"end":{"line":35,"column":12}}},"fnMap":{"0":{"name":"sleep","decl":{"start":{"line":8,"column":9},"end":{"line":8,"column":14}},"loc":{"start":{"line":8,"column":25},"end":{"line":8,"column":76}}},"1":{"name":"(anonymous_2)","decl":{"start":{"line":8,"column":48},"end":{"line":8,"column":49}},"loc":{"start":{"line":8,"column":55},"end":{"line":8,"column":72}}},"2":{"name":"waitForSlot","decl":{"start":{"line":10,"column":15},"end":{"line":10,"column":26}},"loc":{"start":{"line":10,"column":26},"end":{"line":15,"column":1}}},"3":{"name":"getMarkets","decl":{"start":{"line":17,"column":22},"end":{"line":17,"column":32}},"loc":{"start":{"line":24,"column":1},"end":{"line":37,"column":1}}}},"branchMap":{"0":{"loc":{"start":{"line":13,"column":2},"end":{"line":13,"column":34}},"type":"if","locations":[{"start":{"line":13,"column":2},"end":{"line":13,"column":34}},{"start":{},"end":{}}]},"1":{"loc":{"start":{"line":30,"column":4},"end":{"line":34,"column":5}},"type":"if","locations":[{"start":{"line":30,"column":4},"end":{"line":34,"column":5}},{"start":{},"end":{}}]}},"s":{"0":1,"1":1,"2":1,"3":1,"4":1,"5":0,"6":0,"7":0,"8":0,"9":0,"10":0,"11":0,"12":0,"13":0,"14":0,"15":0,"16":0,"17":0,"18":0,"19":0,"20":0},"f":{"0":0,"1":0,"2":0,"3":0},"b":{"0":[0,0],"1":[0,0]}}
,"C:\\Users\\matti\\Desktop\\CryptoTest\\CryptoExplorer\\src\\services\\crypto.service.ts": {"path":"C:\\Users\\matti\\Desktop\\CryptoTest\\CryptoExplorer\\src\\services\\crypto.service.ts","statementMap":{"0":{"start":{"line":12,"column":0},"end":{"line":12,"column":7}},"1":{"start":{"line":46,"column":0},"end":{"line":46,"column":7}},"2":{"start":{"line":64,"column":0},"end":{"line":64,"column":16}},"3":{"start":{"line":75,"column":0},"end":{"line":75,"column":16}},"4":{"start":{"line":83,"column":0},"end":{"line":83,"column":16}},"5":{"start":{"line":1,"column":0},"end":{"line":1,"column":47}},"6":{"start":{"line":2,"column":0},"end":{"line":2,"column":63}},"7":{"start":{"line":18,"column":21},"end":{"line":18,"column":42}},"8":{"start":{"line":20,"column":14},"end":{"line":20,"column":31}},"9":{"start":{"line":22,"column":17},"end":{"line":24,"column":8}},"10":{"start":{"line":26,"column":21},"end":{"line":26,"column":54}},"11":{"start":{"line":28,"column":16},"end":{"line":28,"column":56}},"12":{"start":{"line":30,"column":18},"end":{"line":33,"column":11}},"13":{"start":{"line":35,"column":2},"end":{"line":41,"column":4}},"14":{"start":{"line":47,"column":17},"end":{"line":47,"column":67}},"15":{"start":{"line":48,"column":2},"end":{"line":48,"column":64}},"16":{"start":{"line":48,"column":15},"end":{"line":48,"column":64}},"17":{"start":{"line":50,"column":16},"end":{"line":50,"column":65}},"18":{"start":{"line":52,"column":20},"end":{"line":57,"column":11}},"19":{"start":{"line":60,"column":2},"end":{"line":60,"column":44}},"20":{"start":{"line":60,"column":28},"end":{"line":60,"column":42}},"21":{"start":{"line":65,"column":27},"end":{"line":65,"column":29}},"22":{"start":{"line":66,"column":2},"end":{"line":70,"column":3}},"23":{"start":{"line":66,"column":15},"end":{"line":66,"column":21}},"24":{"start":{"line":67,"column":18},"end":{"line":67,"column":43}},"25":{"start":{"line":68,"column":16},"end":{"line":68,"column":57}},"26":{"start":{"line":68,"column":39},"end":{"line":68,"column":44}},"27":{"start":{"line":69,"column":4},"end":{"line":69,"column":21}},"28":{"start":{"line":71,"column":2},"end":{"line":71,"column":16}},"29":{"start":{"line":76,"column":15},"end":{"line":76,"column":60}},"30":{"start":{"line":76,"column":37},"end":{"line":76,"column":42}},"31":{"start":{"line":78,"column":4},"end":{"line":78,"column":75}},"32":{"start":{"line":78,"column":18},"end":{"line":78,"column":33}},"33":{"start":{"line":78,"column":52},"end":{"line":78,"column":57}},"34":{"start":{"line":79,"column":2},"end":{"line":79,"column":29}},"35":{"start":{"line":84,"column":2},"end":{"line":86,"column":3}},"36":{"start":{"line":85,"column":4},"end":{"line":85,"column":46}},"37":{"start":{"line":88,"column":14},"end":{"line":88,"column":16}},"38":{"start":{"line":90,"column":20},"end":{"line":90,"column":47}},"39":{"start":{"line":91,"column":21},"end":{"line":91,"column":31}},"40":{"start":{"line":93,"column":20},"end":{"line":93,"column":65}},"41":{"start":{"line":95,"column":2},"end":{"line":95,"column":33}},"42":{"start":{"line":95,"column":21},"end":{"line":95,"column":33}},"43":{"start":{"line":96,"column":2},"end":{"line":96,"column":34}},"44":{"start":{"line":96,"column":22},"end":{"line":96,"column":34}},"45":{"start":{"line":97,"column":2},"end":{"line":97,"column":35}},"46":{"start":{"line":97,"column":23},"end":{"line":97,"column":35}},"47":{"start":{"line":99,"column":15},"end":{"line":99,"column":66}},"48":{"start":{"line":99,"column":40},"end":{"line":99,"column":45}},"49":{"start":{"line":100,"column":21},"end":{"line":101,"column":null}},"50":{"start":{"line":101,"column":29},"end":{"line":101,"column":54}},"51":{"start":{"line":104,"column":2},"end":{"line":105,"column":49}},"52":{"start":{"line":104,"column":32},"end":{"line":104,"column":44}},"53":{"start":{"line":105,"column":7},"end":{"line":105,"column":49}},"54":{"start":{"line":105,"column":37},"end":{"line":105,"column":49}},"55":{"start":{"line":107,"column":2},"end":{"line":107,"column":56}},"56":{"start":{"line":110,"column":4},"end":{"line":114,"column":38}},"57":{"start":{"line":116,"column":2},"end":{"line":123,"column":4}}},"fnMap":{"0":{"name":"getCryptos","decl":{"start":{"line":12,"column":22},"end":{"line":12,"column":32}},"loc":{"start":{"line":16,"column":20},"end":{"line":42,"column":1}}},"1":{"name":"getHistoryFromDB","decl":{"start":{"line":46,"column":22},"end":{"line":46,"column":38}},"loc":{"start":{"line":46,"column":64},"end":{"line":61,"column":1}}},"2":{"name":"(anonymous_2)","decl":{"start":{"line":60,"column":23},"end":{"line":60,"column":24}},"loc":{"start":{"line":60,"column":28},"end":{"line":60,"column":42}}},"3":{"name":"computeSMA","decl":{"start":{"line":64,"column":16},"end":{"line":64,"column":26}},"loc":{"start":{"line":64,"column":57},"end":{"line":72,"column":1}}},"4":{"name":"(anonymous_4)","decl":{"start":{"line":68,"column":29},"end":{"line":68,"column":30}},"loc":{"start":{"line":68,"column":39},"end":{"line":68,"column":44}}},"5":{"name":"computeVolatility","decl":{"start":{"line":75,"column":16},"end":{"line":75,"column":33}},"loc":{"start":{"line":75,"column":48},"end":{"line":80,"column":1}}},"6":{"name":"(anonymous_6)","decl":{"start":{"line":76,"column":27},"end":{"line":76,"column":28}},"loc":{"start":{"line":76,"column":37},"end":{"line":76,"column":42}}},"7":{"name":"(anonymous_7)","decl":{"start":{"line":78,"column":13},"end":{"line":78,"column":14}},"loc":{"start":{"line":78,"column":18},"end":{"line":78,"column":33}}},"8":{"name":"(anonymous_8)","decl":{"start":{"line":78,"column":42},"end":{"line":78,"column":43}},"loc":{"start":{"line":78,"column":52},"end":{"line":78,"column":57}}},"9":{"name":"calculerNoteCrypto","decl":{"start":{"line":83,"column":16},"end":{"line":83,"column":34}},"loc":{"start":{"line":83,"column":68},"end":{"line":124,"column":1}}},"10":{"name":"(anonymous_10)","decl":{"start":{"line":99,"column":30},"end":{"line":99,"column":31}},"loc":{"start":{"line":99,"column":40},"end":{"line":99,"column":45}}},"11":{"name":"(anonymous_11)","decl":{"start":{"line":101,"column":19},"end":{"line":101,"column":20}},"loc":{"start":{"line":101,"column":29},"end":{"line":101,"column":54}}}},"branchMap":{"0":{"loc":{"start":{"line":13,"column":2},"end":{"line":13,"column":10}},"type":"default-arg","locations":[{"start":{"line":13,"column":9},"end":{"line":13,"column":10}}]},"1":{"loc":{"start":{"line":14,"column":2},"end":{"line":14,"column":12}},"type":"default-arg","locations":[{"start":{"line":14,"column":10},"end":{"line":14,"column":12}}]},"2":{"loc":{"start":{"line":18,"column":22},"end":{"line":18,"column":34}},"type":"binary-expr","locations":[{"start":{"line":18,"column":22},"end":{"line":18,"column":28}},{"start":{"line":18,"column":32},"end":{"line":18,"column":34}}]},"3":{"loc":{"start":{"line":22,"column":17},"end":{"line":24,"column":8}},"type":"cond-expr","locations":[{"start":{"line":23,"column":6},"end":{"line":23,"column":48}},{"start":{"line":24,"column":6},"end":{"line":24,"column":8}}]},"4":{"loc":{"start":{"line":26,"column":21},"end":{"line":26,"column":54}},"type":"cond-expr","locations":[{"start":{"line":26,"column":45},"end":{"line":26,"column":46}},{"start":{"line":26,"column":49},"end":{"line":26,"column":54}}]},"5":{"loc":{"start":{"line":46,"column":55},"end":{"line":46,"column":64}},"type":"default-arg","locations":[{"start":{"line":46,"column":62},"end":{"line":46,"column":64}}]},"6":{"loc":{"start":{"line":48,"column":2},"end":{"line":48,"column":64}},"type":"if","locations":[{"start":{"line":48,"column":2},"end":{"line":48,"column":64}},{"start":{},"end":{}}]},"7":{"loc":{"start":{"line":84,"column":2},"end":{"line":86,"column":3}},"type":"if","locations":[{"start":{"line":84,"column":2},"end":{"line":86,"column":3}},{"start":{},"end":{}}]},"8":{"loc":{"start":{"line":84,"column":6},"end":{"line":84,"column":38}},"type":"binary-expr","locations":[{"start":{"line":84,"column":6},"end":{"line":84,"column":14}},{"start":{"line":84,"column":18},"end":{"line":84,"column":38}}]},"9":{"loc":{"start":{"line":95,"column":2},"end":{"line":95,"column":33}},"type":"if","locations":[{"start":{"line":95,"column":2},"end":{"line":95,"column":33}},{"start":{},"end":{}}]},"10":{"loc":{"start":{"line":96,"column":2},"end":{"line":96,"column":34}},"type":"if","locations":[{"start":{"line":96,"column":2},"end":{"line":96,"column":34}},{"start":{},"end":{}}]},"11":{"loc":{"start":{"line":97,"column":2},"end":{"line":97,"column":35}},"type":"if","locations":[{"start":{"line":97,"column":2},"end":{"line":97,"column":35}},{"start":{},"end":{}}]},"12":{"loc":{"start":{"line":104,"column":2},"end":{"line":105,"column":49}},"type":"if","locations":[{"start":{"line":104,"column":2},"end":{"line":105,"column":49}},{"start":{"line":105,"column":7},"end":{"line":105,"column":49}}]},"13":{"loc":{"start":{"line":105,"column":7},"end":{"line":105,"column":49}},"type":"if","locations":[{"start":{"line":105,"column":7},"end":{"line":105,"column":49}},{"start":{},"end":{}}]},"14":{"loc":{"start":{"line":110,"column":4},"end":{"line":114,"column":38}},"type":"cond-expr","locations":[{"start":{"line":111,"column":8},"end":{"line":111,"column":56}},{"start":{"line":112,"column":8},"end":{"line":114,"column":38}}]},"15":{"loc":{"start":{"line":112,"column":8},"end":{"line":114,"column":38}},"type":"cond-expr","locations":[{"start":{"line":113,"column":8},"end":{"line":113,"column":39}},{"start":{"line":114,"column":8},"end":{"line":114,"column":38}}]}},"s":{"0":6,"1":6,"2":6,"3":6,"4":6,"5":6,"6":6,"7":1,"8":1,"9":1,"10":1,"11":1,"12":1,"13":1,"14":1,"15":1,"16":0,"17":1,"18":1,"19":1,"20":1,"21":2,"22":2,"23":2,"24":3,"25":3,"26":6,"27":3,"28":2,"29":2,"30":6,"31":2,"32":6,"33":6,"34":2,"35":3,"36":1,"37":2,"38":2,"39":2,"40":2,"41":2,"42":1,"43":2,"44":1,"45":2,"46":0,"47":2,"48":7,"49":2,"50":7,"51":2,"52":1,"53":1,"54":1,"55":2,"56":2,"57":2},"f":{"0":1,"1":1,"2":1,"3":2,"4":6,"5":2,"6":6,"7":6,"8":6,"9":3,"10":7,"11":7},"b":{"0":[0],"1":[0],"2":[1,1],"3":[0,1],"4":[0,1],"5":[1],"6":[0,1],"7":[1,2],"8":[3,3],"9":[1,1],"10":[1,1],"11":[0,2],"12":[1,1],"13":[1,0],"14":[0,2],"15":[0,2]}}
,"C:\\Users\\matti\\Desktop\\CryptoTest\\CryptoExplorer\\src\\services\\dashboard.service.ts": {"path":"C:\\Users\\matti\\Desktop\\CryptoTest\\CryptoExplorer\\src\\services\\dashboard.service.ts","statementMap":{"0":{"start":{"line":6,"column":0},"end":{"line":6,"column":7}},"1":{"start":{"line":2,"column":0},"end":{"line":2,"column":43}},"2":{"start":{"line":3,"column":0},"end":{"line":3,"column":47}},"3":{"start":{"line":4,"column":0},"end":{"line":4,"column":63}},"4":{"start":{"line":7,"column":15},"end":{"line":7,"column":54}},"5":{"start":{"line":8,"column":2},"end":{"line":8,"column":56}},"6":{"start":{"line":8,"column":13},"end":{"line":8,"column":56}},"7":{"start":{"line":10,"column":20},"end":{"line":10,"column":40}},"8":{"start":{"line":11,"column":2},"end":{"line":11,"column":87}},"9":{"start":{"line":11,"column":30},"end":{"line":11,"column":87}},"10":{"start":{"line":13,"column":18},"end":{"line":13,"column":76}},"11":{"start":{"line":15,"column":20},"end":{"line":32,"column":null}},"12":{"start":{"line":17,"column":23},"end":{"line":20,"column":40}},"13":{"start":{"line":22,"column":6},"end":{"line":31,"column":8}},"14":{"start":{"line":35,"column":2},"end":{"line":35,"column":34}}},"fnMap":{"0":{"name":"getUserDashboard","decl":{"start":{"line":6,"column":22},"end":{"line":6,"column":38}},"loc":{"start":{"line":6,"column":74},"end":{"line":36,"column":1}}},"1":{"name":"(anonymous_1)","decl":{"start":{"line":16,"column":16},"end":{"line":16,"column":21}},"loc":{"start":{"line":16,"column":33},"end":{"line":32,"column":5}}}},"branchMap":{"0":{"loc":{"start":{"line":6,"column":55},"end":{"line":6,"column":74}},"type":"default-arg","locations":[{"start":{"line":6,"column":69},"end":{"line":6,"column":74}}]},"1":{"loc":{"start":{"line":8,"column":2},"end":{"line":8,"column":56}},"type":"if","locations":[{"start":{"line":8,"column":2},"end":{"line":8,"column":56}},{"start":{},"end":{}}]},"2":{"loc":{"start":{"line":10,"column":20},"end":{"line":10,"column":40}},"type":"binary-expr","locations":[{"start":{"line":10,"column":20},"end":{"line":10,"column":34}},{"start":{"line":10,"column":38},"end":{"line":10,"column":40}}]},"3":{"loc":{"start":{"line":11,"column":2},"end":{"line":11,"column":87}},"type":"if","locations":[{"start":{"line":11,"column":2},"end":{"line":11,"column":87}},{"start":{},"end":{}}]},"4":{"loc":{"start":{"line":26,"column":15},"end":{"line":26,"column":45}},"type":"binary-expr","locations":[{"start":{"line":26,"column":15},"end":{"line":26,"column":37}},{"start":{"line":26,"column":41},"end":{"line":26,"column":45}}]},"5":{"loc":{"start":{"line":27,"column":19},"end":{"line":27,"column":46}},"type":"binary-expr","locations":[{"start":{"line":27,"column":19},"end":{"line":27,"column":38}},{"start":{"line":27,"column":42},"end":{"line":27,"column":46}}]},"6":{"loc":{"start":{"line":28,"column":16},"end":{"line":28,"column":45}},"type":"binary-expr","locations":[{"start":{"line":28,"column":16},"end":{"line":28,"column":37}},{"start":{"line":28,"column":41},"end":{"line":28,"column":45}}]},"7":{"loc":{"start":{"line":29,"column":19},"end":{"line":29,"column":61}},"type":"binary-expr","locations":[{"start":{"line":29,"column":19},"end":{"line":29,"column":53}},{"start":{"line":29,"column":57},"end":{"line":29,"column":61}}]},"8":{"loc":{"start":{"line":30,"column":15},"end":{"line":30,"column":35}},"type":"binary-expr","locations":[{"start":{"line":30,"column":15},"end":{"line":30,"column":27}},{"start":{"line":30,"column":31},"end":{"line":30,"column":35}}]}},"s":{"0":2,"1":2,"2":2,"3":2,"4":0,"5":0,"6":0,"7":0,"8":0,"9":0,"10":0,"11":0,"12":0,"13":0,"14":0},"f":{"0":0,"1":0},"b":{"0":[0],"1":[0,0],"2":[0,0],"3":[0,0],"4":[0,0],"5":[0,0],"6":[0,0],"7":[0,0],"8":[0,0]}}
,"C:\\Users\\matti\\Desktop\\CryptoTest\\CryptoExplorer\\src\\utils\\jwt.ts": {"path":"C:\\Users\\matti\\Desktop\\CryptoTest\\CryptoExplorer\\src\\utils\\jwt.ts","statementMap":{"0":{"start":{"line":4,"column":0},"end":{"line":4,"column":16}},"1":{"start":{"line":10,"column":0},"end":{"line":10,"column":16}},"2":{"start":{"line":1,"column":0},"end":{"line":1,"column":48}},"3":{"start":{"line":2,"column":0},"end":{"line":2,"column":35}},"4":{"start":{"line":5,"column":31},"end":{"line":5,"column":33}},"5":{"start":{"line":6,"column":3},"end":{"line":6,"column":41}},"6":{"start":{"line":7,"column":2},"end":{"line":7,"column":86}},"7":{"start":{"line":11,"column":2},"end":{"line":11,"column":75}}},"fnMap":{"0":{"name":"signToken","decl":{"start":{"line":4,"column":16},"end":{"line":4,"column":25}},"loc":{"start":{"line":4,"column":93},"end":{"line":8,"column":1}}},"1":{"name":"verifyToken","decl":{"start":{"line":10,"column":16},"end":{"line":10,"column":27}},"loc":{"start":{"line":10,"column":54},"end":{"line":12,"column":1}}}},"branchMap":{"0":{"loc":{"start":{"line":4,"column":60},"end":{"line":4,"column":93}},"type":"default-arg","locations":[{"start":{"line":4,"column":89},"end":{"line":4,"column":93}}]}},"s":{"0":3,"1":3,"2":3,"3":3,"4":7,"5":7,"6":7,"7":0},"f":{"0":7,"1":0},"b":{"0":[7]}}
,"C:\\Users\\matti\\Desktop\\CryptoTest\\CryptoExplorer\\src\\utils\\logger.ts": {"path":"C:\\Users\\matti\\Desktop\\CryptoTest\\CryptoExplorer\\src\\utils\\logger.ts","statementMap":{"0":{"start":{"line":1,"column":0},"end":{"line":1,"column":30}},"1":{"start":{"line":3,"column":15},"end":{"line":10,"column":2}},"2":{"start":{"line":7,"column":61},"end":{"line":7,"column":96}},"3":{"start":{"line":12,"column":0},"end":{"line":12,"column":22}}},"fnMap":{"0":{"name":"(anonymous_1)","decl":{"start":{"line":7,"column":26},"end":{"line":7,"column":27}},"loc":{"start":{"line":7,"column":61},"end":{"line":7,"column":96}}}},"branchMap":{},"s":{"0":1,"1":1,"2":4,"3":1},"f":{"0":4},"b":{}}
}
