TN:
SF:src\app.ts
FN:16,(anonymous_1)
FN:26,(anonymous_2)
FN:49,(anonymous_3)
FNF:3
FNH:3
FNDA:4,(anonymous_1)
FNDA:4,(anonymous_2)
FNDA:1,(anonymous_3)
DA:1,1
DA:2,1
DA:3,1
DA:4,1
DA:5,1
DA:6,1
DA:7,1
DA:8,1
DA:9,1
DA:10,1
DA:12,1
DA:14,1
DA:16,1
DA:17,4
DA:18,4
DA:21,1
DA:24,1
DA:27,4
DA:28,0
DA:34,1
DA:35,1
DA:36,1
DA:37,1
DA:39,1
DA:40,1
DA:41,1
DA:42,1
DA:43,1
DA:44,1
DA:47,1
DA:49,1
DA:51,1
DA:53,1
LF:33
LH:32
BRDA:21,0,0,1
BRDA:21,0,1,0
BRDA:27,1,0,4
BRDA:27,1,1,0
BRDA:34,2,0,1
BRDA:34,2,1,0
BRDA:35,3,0,1
BRDA:35,3,1,0
BRDA:41,4,0,1
BRDA:41,4,1,0
BRF:10
BRH:5
end_of_record
TN:
SF:src\config\config.ts
FNF:0
FNH:0
DA:1,3
DA:2,3
DA:4,3
LF:3
LH:3
BRDA:5,0,0,3
BRDA:5,0,1,3
BRDA:6,1,0,3
BRDA:6,1,1,3
BRDA:7,2,0,3
BRDA:7,2,1,3
BRDA:8,3,0,3
BRDA:8,3,1,3
BRDA:9,4,0,3
BRDA:9,4,1,3
BRDA:10,5,0,3
BRDA:10,5,1,0
BRDA:12,6,0,3
BRDA:12,6,1,3
BRF:14
BRH:13
end_of_record
TN:
SF:src\config\index.ts
FNF:0
FNH:0
DA:1,3
LF:1
LH:1
BRF:0
BRH:0
end_of_record
TN:
SF:src\controllers\admin.controller.ts
FN:6,createAdminUser
FN:26,usersList
FN:35,deleteUser
FN:46,modifyUserRole
FNF:4
FNH:4
FNDA:1,createAdminUser
FNDA:1,usersList
FNDA:1,deleteUser
FNDA:1,modifyUserRole
DA:2,2
DA:3,2
DA:6,2
DA:7,1
DA:8,1
DA:9,1
DA:10,1
DA:15,1
DA:17,0
DA:18,0
DA:26,2
DA:27,1
DA:28,1
DA:29,1
DA:31,0
DA:32,0
DA:35,2
DA:36,1
DA:37,1
DA:38,1
DA:39,1
DA:41,0
DA:42,0
DA:46,2
DA:47,1
DA:48,1
DA:49,1
DA:50,1
DA:51,1
DA:52,1
DA:53,1
DA:54,1
DA:55,1
DA:57,0
DA:58,0
LF:35
LH:27
BRDA:8,0,0,0
BRDA:8,1,0,0
BRDA:8,2,0,0
BRDA:8,3,0,1
BRDA:8,3,1,0
BRDA:49,4,0,1
BRDA:49,4,1,0
BRDA:50,5,0,0
BRDA:50,5,1,1
BRDA:52,6,0,0
BRDA:52,6,1,1
BRF:11
BRH:4
end_of_record
TN:
SF:src\controllers\auth.controller.ts
FN:6,register
FN:17,login
FNF:2
FNH:2
FNDA:5,register
FNDA:3,login
DA:2,2
DA:3,2
DA:4,2
DA:6,2
DA:7,5
DA:8,5
DA:9,5
DA:10,5
DA:11,4
DA:12,4
DA:13,4
DA:14,4
DA:17,2
DA:18,3
DA:19,3
DA:20,3
DA:21,3
DA:22,3
DA:23,3
DA:24,2
DA:25,2
LF:21
LH:21
BRDA:7,0,0,5
BRDA:7,0,1,0
BRDA:8,1,0,0
BRDA:8,1,1,5
BRDA:8,2,0,5
BRDA:8,2,1,5
BRDA:8,2,2,5
BRDA:10,3,0,1
BRDA:10,3,1,4
BRDA:18,4,0,3
BRDA:18,4,1,0
BRDA:19,5,0,0
BRDA:19,5,1,3
BRDA:19,6,0,3
BRDA:19,6,1,3
BRDA:21,7,0,0
BRDA:21,7,1,3
BRDA:23,8,0,1
BRDA:23,8,1,2
BRDA:25,9,0,2
BRDA:25,9,1,0
BRF:21
BRH:15
end_of_record
TN:
SF:src\controllers\crypto.controller.ts
FN:4,listCryptos
FNF:1
FNH:1
FNDA:1,listCryptos
DA:2,2
DA:4,2
DA:5,1
DA:6,1
LF:4
LH:4
BRF:0
BRH:0
end_of_record
TN:
SF:src\controllers\cryptoAnalyse.controller.ts
FN:9,analyseCrypto
FNF:1
FNH:1
FNDA:1,analyseCrypto
DA:2,2
DA:9,2
DA:10,1
DA:11,1
DA:12,1
DA:14,1
DA:15,1
DA:16,0
DA:19,1
DA:21,1
DA:22,1
DA:24,1
DA:26,1
DA:39,0
DA:40,0
LF:15
LH:12
BRDA:12,0,0,1
BRDA:15,1,0,0
BRDA:15,1,1,1
BRDA:15,2,0,1
BRDA:15,2,1,1
BRF:5
BRH:4
end_of_record
TN:
SF:src\controllers\dashboard.controller.ts
FN:4,dashboardController
FNF:1
FNH:1
FNDA:1,dashboardController
DA:2,2
DA:4,2
DA:5,1
DA:6,1
DA:7,1
DA:8,1
DA:10,0
LF:7
LH:6
BRF:0
BRH:0
end_of_record
TN:
SF:src\controllers\listCrypto.controller.ts
FN:4,listCryptosDB
FN:19,rechercherCrypto
FNF:2
FNH:2
FNDA:2,listCryptosDB
FNDA:3,rechercherCrypto
DA:2,3
DA:4,3
DA:5,2
DA:6,2
DA:7,2
DA:8,2
DA:10,2
DA:12,2
DA:14,0
DA:15,0
DA:19,3
DA:20,3
DA:21,3
DA:23,3
DA:25,3
DA:26,1
DA:29,2
DA:35,2
DA:36,1
DA:39,1
DA:41,0
DA:42,0
LF:22
LH:18
BRDA:6,0,0,2
BRDA:6,0,1,2
BRDA:7,1,0,2
BRDA:7,1,1,2
BRDA:23,2,0,3
BRDA:23,2,1,0
BRDA:25,3,0,1
BRDA:25,3,1,2
BRDA:35,4,0,1
BRDA:35,4,1,1
BRF:10
BRH:9
end_of_record
TN:
SF:src\controllers\markets.controller.ts
FN:6,listMarkets
FN:16,convertToNewModel
FNF:2
FNH:0
FNDA:0,listMarkets
FNDA:0,convertToNewModel
DA:2,1
DA:3,1
DA:4,1
DA:6,1
DA:7,0
DA:8,0
DA:9,0
DA:10,0
DA:12,0
DA:13,0
DA:16,1
DA:17,0
DA:18,0
DA:19,0
DA:20,0
DA:22,0
DA:24,0
DA:25,0
DA:26,0
DA:27,0
DA:32,0
DA:41,0
DA:44,0
LF:23
LH:5
BRDA:7,0,0,0
BRDA:7,0,1,0
BRDA:8,1,0,0
BRDA:8,1,1,0
BRDA:9,2,0,0
BRDA:9,2,1,0
BRDA:10,3,0,0
BRDA:10,3,1,0
BRDA:17,4,0,0
BRDA:17,4,1,0
BRDA:18,5,0,0
BRDA:18,5,1,0
BRDA:19,6,0,0
BRDA:19,6,1,0
BRDA:20,7,0,0
BRDA:20,7,1,0
BRF:16
BRH:0
end_of_record
TN:
SF:src\controllers\user.controller.ts
FN:5,listFavorites
FN:12,addFavorite
FN:25,removeFavorite
FN:30,(anonymous_3)
FNF:4
FNH:0
FNDA:0,listFavorites
FNDA:0,addFavorite
FNDA:0,removeFavorite
FNDA:0,(anonymous_3)
DA:2,1
DA:5,1
DA:6,0
DA:7,0
DA:8,0
DA:9,0
DA:12,1
DA:13,0
DA:14,0
DA:15,0
DA:17,0
DA:18,0
DA:19,0
DA:20,0
DA:21,0
DA:22,0
DA:25,1
DA:26,0
DA:27,0
DA:28,0
DA:29,0
DA:30,0
DA:31,0
DA:32,0
LF:24
LH:4
BRDA:6,0,0,0
BRDA:6,0,1,0
BRDA:8,1,0,0
BRDA:8,1,1,0
BRDA:13,2,0,0
BRDA:13,2,1,0
BRDA:14,3,0,0
BRDA:14,3,1,0
BRDA:15,4,0,0
BRDA:15,4,1,0
BRDA:18,5,0,0
BRDA:18,5,1,0
BRDA:19,6,0,0
BRDA:19,6,1,0
BRDA:20,7,0,0
BRDA:20,7,1,0
BRDA:26,8,0,0
BRDA:26,8,1,0
BRDA:27,9,0,0
BRDA:27,9,1,0
BRDA:29,10,0,0
BRDA:29,10,1,0
BRDA:30,11,0,0
BRDA:30,11,1,0
BRF:24
BRH:0
end_of_record
TN:
SF:src\middlewares\auth.ts
FN:8,authRequired
FNF:1
FNH:1
FNDA:3,authRequired
DA:2,2
DA:3,2
DA:8,2
DA:9,3
DA:10,3
DA:11,3
DA:12,2
DA:13,2
DA:14,1
DA:15,1
DA:16,1
DA:18,1
LF:12
LH:12
BRDA:9,0,0,3
BRDA:9,0,1,1
BRDA:10,1,0,2
BRDA:10,1,1,1
BRDA:11,2,0,1
BRDA:11,2,1,2
BRF:6
BRH:6
end_of_record
TN:
SF:src\middlewares\error.middleware.ts
FN:4,errorMiddleware
FNF:1
FNH:0
FNDA:0,errorMiddleware
DA:2,1
DA:4,1
DA:5,0
DA:6,0
DA:7,0
DA:8,0
DA:10,0
LF:7
LH:2
BRDA:5,0,0,0
BRDA:5,0,1,0
BRDA:6,1,0,0
BRDA:6,1,1,0
BRDA:7,2,0,0
BRDA:7,2,1,0
BRF:6
BRH:0
end_of_record
TN:
SF:src\models\Crypto.ts
FNF:0
FNH:0
DA:1,7
DA:10,7
DA:17,7
LF:3
LH:3
BRF:0
BRH:0
end_of_record
TN:
SF:src\models\MarketSnapshot.ts
FNF:0
FNH:0
DA:1,6
DA:13,6
DA:23,6
LF:3
LH:3
BRF:0
BRH:0
end_of_record
TN:
SF:src\models\User.ts
FNF:0
FNH:0
DA:1,4
DA:11,4
DA:19,4
LF:3
LH:3
BRF:0
BRH:0
end_of_record
TN:
SF:src\routes\admin.route.ts
FN:7,(anonymous_0)
FN:14,(anonymous_1)
FN:21,(anonymous_2)
FNF:3
FNH:0
FNDA:0,(anonymous_0)
FNDA:0,(anonymous_1)
FNDA:0,(anonymous_2)
DA:1,1
DA:2,1
DA:3,1
DA:5,1
DA:7,1
DA:8,0
DA:9,0
DA:11,0
DA:14,1
DA:15,0
DA:16,0
DA:18,0
DA:21,1
DA:22,0
DA:23,0
DA:25,0
DA:28,1
DA:30,1
LF:18
LH:9
BRDA:8,0,0,0
BRDA:8,0,1,0
BRDA:15,1,0,0
BRDA:15,1,1,0
BRDA:22,2,0,0
BRDA:22,2,1,0
BRF:6
BRH:0
end_of_record
TN:
SF:src\routes\auth.route.ts
FNF:0
FNH:0
DA:1,1
DA:2,1
DA:4,1
DA:6,1
DA:7,1
DA:9,1
LF:6
LH:6
BRF:0
BRH:0
end_of_record
TN:
SF:src\routes\crypto.route.ts
FNF:0
FNH:0
DA:1,1
DA:2,1
DA:3,1
DA:4,1
DA:5,1
DA:6,1
DA:7,1
DA:10,1
DA:12,1
DA:13,1
DA:15,1
DA:16,1
DA:18,1
DA:20,1
LF:14
LH:14
BRF:0
BRH:0
end_of_record
TN:
SF:src\routes\index.ts
FNF:0
FNH:0
DA:1,1
DA:2,1
DA:3,1
DA:4,1
DA:5,1
DA:6,1
DA:7,1
DA:9,1
DA:10,1
DA:11,1
DA:12,1
DA:13,1
DA:14,1
LF:13
LH:13
BRF:0
BRH:0
end_of_record
TN:
SF:src\routes\markets.route.ts
FNF:0
FNH:0
DA:1,1
DA:2,1
DA:3,1
DA:5,1
DA:7,1
DA:8,1
DA:10,1
LF:7
LH:7
BRF:0
BRH:0
end_of_record
TN:
SF:src\routes\user.route.ts
FNF:0
FNH:0
DA:1,1
DA:2,1
DA:3,1
DA:5,1
DA:7,1
DA:8,1
DA:9,1
DA:11,1
LF:8
LH:8
BRF:0
BRH:0
end_of_record
TN:
SF:src\services\coingecko.service.ts
FN:8,sleep
FN:8,(anonymous_2)
FN:10,waitForSlot
FN:17,getMarkets
FNF:4
FNH:0
FNDA:0,sleep
FNDA:0,(anonymous_2)
FNDA:0,waitForSlot
FNDA:0,getMarkets
DA:1,1
DA:3,1
DA:5,1
DA:6,1
DA:8,0
DA:11,0
DA:12,0
DA:13,0
DA:14,0
DA:17,1
DA:25,0
DA:26,0
DA:27,0
DA:28,0
DA:30,0
DA:31,0
DA:32,0
DA:33,0
DA:35,0
LF:19
LH:5
BRDA:13,0,0,0
BRDA:13,0,1,0
BRDA:30,1,0,0
BRDA:30,1,1,0
BRF:4
BRH:0
end_of_record
TN:
SF:src\services\crypto.service.ts
FN:12,getCryptos
FN:46,getHistoryFromDB
FN:60,(anonymous_2)
FN:64,computeSMA
FN:68,(anonymous_4)
FN:75,computeVolatility
FN:76,(anonymous_6)
FN:78,(anonymous_7)
FN:78,(anonymous_8)
FN:83,calculerNoteCrypto
FN:99,(anonymous_10)
FN:101,(anonymous_11)
FNF:12
FNH:12
FNDA:1,getCryptos
FNDA:1,getHistoryFromDB
FNDA:1,(anonymous_2)
FNDA:2,computeSMA
FNDA:6,(anonymous_4)
FNDA:2,computeVolatility
FNDA:6,(anonymous_6)
FNDA:6,(anonymous_7)
FNDA:6,(anonymous_8)
FNDA:3,calculerNoteCrypto
FNDA:7,(anonymous_10)
FNDA:7,(anonymous_11)
DA:1,5
DA:2,5
DA:12,5
DA:18,1
DA:20,1
DA:22,1
DA:26,1
DA:28,1
DA:30,1
DA:35,1
DA:46,5
DA:47,1
DA:48,1
DA:50,1
DA:52,1
DA:60,1
DA:64,5
DA:65,2
DA:66,2
DA:67,3
DA:68,6
DA:69,3
DA:71,2
DA:75,5
DA:76,6
DA:78,6
DA:79,2
DA:83,5
DA:84,3
DA:85,1
DA:88,2
DA:90,2
DA:91,2
DA:93,2
DA:95,2
DA:96,2
DA:97,2
DA:99,7
DA:100,2
DA:101,7
DA:104,2
DA:105,1
DA:107,2
DA:110,2
DA:116,2
LF:45
LH:45
BRDA:13,0,0,0
BRDA:14,1,0,0
BRDA:18,2,0,1
BRDA:18,2,1,1
BRDA:22,3,0,0
BRDA:22,3,1,1
BRDA:26,4,0,0
BRDA:26,4,1,1
BRDA:46,5,0,1
BRDA:48,6,0,0
BRDA:48,6,1,1
BRDA:84,7,0,1
BRDA:84,7,1,2
BRDA:84,8,0,3
BRDA:84,8,1,3
BRDA:95,9,0,1
BRDA:95,9,1,1
BRDA:96,10,0,1
BRDA:96,10,1,1
BRDA:97,11,0,0
BRDA:97,11,1,2
BRDA:104,12,0,1
BRDA:104,12,1,1
BRDA:105,13,0,1
BRDA:105,13,1,0
BRDA:110,14,0,0
BRDA:110,14,1,2
BRDA:112,15,0,0
BRDA:112,15,1,2
BRF:29
BRH:20
end_of_record
TN:
SF:src\services\dashboard.service.ts
FN:6,getUserDashboard
FN:16,(anonymous_1)
FNF:2
FNH:0
FNDA:0,getUserDashboard
FNDA:0,(anonymous_1)
DA:2,2
DA:3,2
DA:4,2
DA:6,2
DA:7,0
DA:8,0
DA:10,0
DA:11,0
DA:13,0
DA:15,0
DA:17,0
DA:22,0
DA:35,0
LF:13
LH:4
BRDA:6,0,0,0
BRDA:8,1,0,0
BRDA:8,1,1,0
BRDA:10,2,0,0
BRDA:10,2,1,0
BRDA:11,3,0,0
BRDA:11,3,1,0
BRDA:26,4,0,0
BRDA:26,4,1,0
BRDA:27,5,0,0
BRDA:27,5,1,0
BRDA:28,6,0,0
BRDA:28,6,1,0
BRDA:29,7,0,0
BRDA:29,7,1,0
BRDA:30,8,0,0
BRDA:30,8,1,0
BRF:17
BRH:0
end_of_record
TN:
SF:src\utils\jwt.ts
FN:4,signToken
FN:10,verifyToken
FNF:2
FNH:1
FNDA:7,signToken
FNDA:0,verifyToken
DA:1,3
DA:2,3
DA:4,3
DA:5,7
DA:6,7
DA:7,7
DA:10,3
DA:11,0
LF:8
LH:7
BRDA:4,0,0,7
BRF:1
BRH:1
end_of_record
TN:
SF:src\utils\logger.ts
FN:7,(anonymous_1)
FNF:1
FNH:1
FNDA:4,(anonymous_1)
DA:1,1
DA:3,1
DA:7,4
DA:12,1
LF:4
LH:4
BRF:0
BRH:0
end_of_record
